#-----------------------------------------------------------
# Vivado v2021.2 (64-bit)
# SW Build 3367213 on Tue Oct 19 02:48:09 MDT 2021
# IP Build 3369179 on Thu Oct 21 08:25:16 MDT 2021
# Start of session at: Sun Sep 10 20:14:15 2023
# Process ID: 12528
# Current directory: C:/Users/john_westbrook1/OneDrive - Baylor University/Engineering/System on Chip/Vivado/ClassReport1
# Command line: vivado.exe -gui_launcher_event rodinguilauncherevent28608 C:\Users\john_westbrook1\OneDrive - Baylor University\Engineering\System on Chip\Vivado\ClassReport1\ClassReport1.xpr
# Log file: C:/Users/john_westbrook1/OneDrive - Baylor University/Engineering/System on Chip/Vivado/ClassReport1/vivado.log
# Journal file: C:/Users/john_westbrook1/OneDrive - Baylor University/Engineering/System on Chip/Vivado/ClassReport1\vivado.jou
# Running On: ROG-115-04, OS: Windows, CPU Frequency: 2112 MHz, CPU Physical cores: 12, Host memory: 34033 MB
#-----------------------------------------------------------
start_gui
open_project {C:/Users/john_westbrook1/OneDrive - Baylor University/Engineering/System on Chip/Vivado/ClassReport1/ClassReport1.xpr}
INFO: [ProjectBase 1-489] The host OS only allows 260 characters in a normal path. The project is stored in a path with more than 80 characters. If you experience issues with IP, Block Designs, or files not being found, please consider moving the project to a location with a shorter path. Alternately consider using the OS subst command to map part of the path to a drive letter.
Current project path is 'C:/Users/john_westbrook1/OneDrive - Baylor University/Engineering/System on Chip/Vivado/ClassReport1'
WARNING: [Board 49-26] cannot add Board Part xilinx.com:vck190_es:part0:1.3 available at C:/XilinxVitis/Vivado/2021.2/data/xhub/boards/XilinxBoardStore/boards/Xilinx/vck190/es/1.3/board.xml as part xcvc1902-vsva2197-2mp-e-s-es1 specified in board_part file is either invalid or not available
WARNING: [Board 49-26] cannot add Board Part xilinx.com:vmk180_es:part0:1.3 available at C:/XilinxVitis/Vivado/2021.2/data/xhub/boards/XilinxBoardStore/boards/Xilinx/vmk180/es/1.3/board.xml as part xcvm1802-vsva2197-2mp-e-s-es1 specified in board_part file is either invalid or not available
WARNING: [Board 49-26] cannot add Board Part xilinx.com:vpk120_es:part0:1.2 available at C:/XilinxVitis/Vivado/2021.2/data/xhub/boards/XilinxBoardStore/boards/Xilinx/vpk120/es/1.2/board.xml as part xcvp1202-vsva2785-2mp-e-s-es1 specified in board_part file is either invalid or not available
WARNING: [Board 49-26] cannot add Board Part xilinx.com:zcu208ld:part0:2.0 available at C:/XilinxVitis/Vivado/2021.2/data/xhub/boards/XilinxBoardStore/boards/Xilinx/zcu208ld/production/2.0/board.xml as part xczu58dr-fsvg1517-2-i specified in board_part file is either invalid or not available
WARNING: [Board 49-26] cannot add Board Part xilinx.com:zcu208ld_es:part0:1.0 available at C:/XilinxVitis/Vivado/2021.2/data/xhub/boards/XilinxBoardStore/boards/Xilinx/zcu208ld/es/1.0/board.xml as part xczu58dr-fsvg1517-2-i-es1 specified in board_part file is either invalid or not available
WARNING: [Board 49-26] cannot add Board Part xilinx.com:zcu216ld:part0:2.0 available at C:/XilinxVitis/Vivado/2021.2/data/xhub/boards/XilinxBoardStore/boards/Xilinx/zcu216ld/production/2.0/board.xml as part xczu59dr-ffvf1760-2-i specified in board_part file is either invalid or not available
WARNING: [Board 49-26] cannot add Board Part xilinx.com:zcu216ld_es:part0:1.0 available at C:/XilinxVitis/Vivado/2021.2/data/xhub/boards/XilinxBoardStore/boards/Xilinx/zcu216ld/es/1.0/board.xml as part xczu59dr-ffvf1760-2-i-es1 specified in board_part file is either invalid or not available
WARNING: [Board 49-26] cannot add Board Part xilinx.com:zcu670:part0:1.0 available at C:/XilinxVitis/Vivado/2021.2/data/xhub/boards/XilinxBoardStore/boards/Xilinx/zcu670/1.0/board.xml as part xczu67dr-fsve1156-2-i specified in board_part file is either invalid or not available
INFO: [filemgmt 56-3] Default IP Output Path : Could not find the directory 'C:/Users/john_westbrook1/OneDrive - Baylor University/Engineering/System on Chip/Vivado/ClassReport1/ClassReport1.gen/sources_1'.
Scanning sources...
Finished scanning sources
INFO: [IP_Flow 19-234] Refreshing IP repositories
INFO: [IP_Flow 19-1704] No user IP repositories specified
INFO: [IP_Flow 19-2313] Loaded Vivado IP repository 'C:/XilinxVitis/Vivado/2021.2/data/ip'.
update_compile_order -fileset sources_1
set_property top top_hex_display_mux [current_fileset]
update_compile_order -fileset sources_1
open_hw_manager
reset_run synth_1
INFO: [Project 1-1160] Copying file C:/Users/john_westbrook1/OneDrive - Baylor University/Engineering/System on Chip/Vivado/ClassReport1/ClassReport1.runs/synth_1/disp_mux_test.dcp to C:/Users/john_westbrook1/OneDrive - Baylor University/Engineering/System on Chip/Vivado/ClassReport1/ClassReport1.srcs/utils_1/imports/synth_1 and adding it to utils fileset
launch_runs synth_1 -jobs 10
[Sun Sep 10 20:16:00 2023] Launched synth_1...
Run output will be captured here: C:/Users/john_westbrook1/OneDrive - Baylor University/Engineering/System on Chip/Vivado/ClassReport1/ClassReport1.runs/synth_1/runme.log
export_ip_user_files -of_objects  [get_files {{C:/Users/john_westbrook1/OneDrive - Baylor University/Engineering/System on Chip/Vivado/ClassReport1/ClassReport1.srcs/utils_1/imports/synth_1/disp_mux_test.dcp}}] -no_script -reset -force -quiet
remove_files  -fileset utils_1 {{C:/Users/john_westbrook1/OneDrive - Baylor University/Engineering/System on Chip/Vivado/ClassReport1/ClassReport1.srcs/utils_1/imports/synth_1/disp_mux_test.dcp}}
file delete -force {C:/Users/john_westbrook1/OneDrive - Baylor University/Engineering/System on Chip/Vivado/ClassReport1/ClassReport1.srcs/utils_1/imports/synth_1/disp_mux_test.dcp}
reset_run synth_1
launch_runs impl_1 -to_step write_bitstream -jobs 10
[Sun Sep 10 20:16:23 2023] Launched synth_1...
Run output will be captured here: C:/Users/john_westbrook1/OneDrive - Baylor University/Engineering/System on Chip/Vivado/ClassReport1/ClassReport1.runs/synth_1/runme.log
[Sun Sep 10 20:16:23 2023] Launched impl_1...
Run output will be captured here: C:/Users/john_westbrook1/OneDrive - Baylor University/Engineering/System on Chip/Vivado/ClassReport1/ClassReport1.runs/impl_1/runme.log
connect_hw_server -allow_non_jtag
INFO: [Labtools 27-2285] Connecting to hw_server url TCP:localhost:3121
INFO: [Labtools 27-2222] Launching hw_server...
INFO: [Labtools 27-2221] Launch Output:

****** Xilinx hw_server v2021.2
  **** Build date : Oct 19 2021 at 03:13:30
    ** Copyright 1986-2021 Xilinx, Inc. All Rights Reserved.


INFO: [Labtools 27-3415] Connecting to cs_server url TCP:localhost:3042
INFO: [Labtools 27-3417] Launching cs_server...
INFO: [Labtools 27-2221] Launch Output:


******** Xilinx cs_server v2021.2.0
  ****** Build date   : Sep 27 2021-16:44:20
    **** Build number : 2021.2.1632779060
      ** Copyright 2017-2023 Xilinx, Inc. All Rights Reserved.



connect_hw_server: Time (s): cpu = 00:00:00 ; elapsed = 00:00:09 . Memory (MB): peak = 1549.781 ; gain = 0.000
open_hw_target
INFO: [Labtoolstcl 44-466] Opening hw_target localhost:3121/xilinx_tcf/Digilent/210292A4BA4EA
set_property PROGRAM.FILE {C:/Users/john_westbrook1/OneDrive - Baylor University/Engineering/System on Chip/Vivado/ClassReport1/ClassReport1.runs/impl_1/top_hex_display_mux.bit} [get_hw_devices xc7a100t_0]
current_hw_device [get_hw_devices xc7a100t_0]
refresh_hw_device -update_hw_probes false [lindex [get_hw_devices xc7a100t_0] 0]
INFO: [Labtools 27-1434] Device xc7a100t (JTAG device index = 0) is programmed with a design that has no supported debug core(s) in it.
set_property PROBES.FILE {} [get_hw_devices xc7a100t_0]
set_property FULL_PROBES.FILE {} [get_hw_devices xc7a100t_0]
set_property PROGRAM.FILE {C:/Users/john_westbrook1/OneDrive - Baylor University/Engineering/System on Chip/Vivado/ClassReport1/ClassReport1.runs/impl_1/top_hex_display_mux.bit} [get_hw_devices xc7a100t_0]
program_hw_devices [get_hw_devices xc7a100t_0]
INFO: [Labtools 27-3164] End of startup status: HIGH
refresh_hw_device [lindex [get_hw_devices xc7a100t_0] 0]
INFO: [Labtools 27-1434] Device xc7a100t (JTAG device index = 0) is programmed with a design that has no supported debug core(s) in it.
reset_run synth_1
INFO: [Project 1-1160] Copying file C:/Users/john_westbrook1/OneDrive - Baylor University/Engineering/System on Chip/Vivado/ClassReport1/ClassReport1.runs/synth_1/top_hex_display_mux.dcp to C:/Users/john_westbrook1/OneDrive - Baylor University/Engineering/System on Chip/Vivado/ClassReport1/ClassReport1.srcs/utils_1/imports/synth_1 and adding it to utils fileset
launch_runs impl_1 -to_step write_bitstream -jobs 10
[Sun Sep 10 20:23:31 2023] Launched synth_1...
Run output will be captured here: C:/Users/john_westbrook1/OneDrive - Baylor University/Engineering/System on Chip/Vivado/ClassReport1/ClassReport1.runs/synth_1/runme.log
[Sun Sep 10 20:23:31 2023] Launched impl_1...
Run output will be captured here: C:/Users/john_westbrook1/OneDrive - Baylor University/Engineering/System on Chip/Vivado/ClassReport1/ClassReport1.runs/impl_1/runme.log
export_ip_user_files -of_objects  [get_files {{C:/Users/john_westbrook1/OneDrive - Baylor University/Engineering/System on Chip/Vivado/ClassReport1/ClassReport1.srcs/utils_1/imports/synth_1/top_hex_display_mux.dcp}}] -no_script -reset -force -quiet
remove_files  -fileset utils_1 {{C:/Users/john_westbrook1/OneDrive - Baylor University/Engineering/System on Chip/Vivado/ClassReport1/ClassReport1.srcs/utils_1/imports/synth_1/top_hex_display_mux.dcp}}
file delete -force {C:/Users/john_westbrook1/OneDrive - Baylor University/Engineering/System on Chip/Vivado/ClassReport1/ClassReport1.srcs/utils_1/imports/synth_1/top_hex_display_mux.dcp}
reset_run synth_1
launch_runs impl_1 -to_step write_bitstream -jobs 10
[Sun Sep 10 20:23:54 2023] Launched synth_1...
Run output will be captured here: C:/Users/john_westbrook1/OneDrive - Baylor University/Engineering/System on Chip/Vivado/ClassReport1/ClassReport1.runs/synth_1/runme.log
[Sun Sep 10 20:23:54 2023] Launched impl_1...
Run output will be captured here: C:/Users/john_westbrook1/OneDrive - Baylor University/Engineering/System on Chip/Vivado/ClassReport1/ClassReport1.runs/impl_1/runme.log
reset_run synth_1
launch_runs impl_1 -to_step write_bitstream -jobs 10
[Sun Sep 10 20:24:54 2023] Launched synth_1...
Run output will be captured here: C:/Users/john_westbrook1/OneDrive - Baylor University/Engineering/System on Chip/Vivado/ClassReport1/ClassReport1.runs/synth_1/runme.log
[Sun Sep 10 20:24:54 2023] Launched impl_1...
Run output will be captured here: C:/Users/john_westbrook1/OneDrive - Baylor University/Engineering/System on Chip/Vivado/ClassReport1/ClassReport1.runs/impl_1/runme.log
set_property PROBES.FILE {} [get_hw_devices xc7a100t_0]
set_property FULL_PROBES.FILE {} [get_hw_devices xc7a100t_0]
set_property PROGRAM.FILE {C:/Users/john_westbrook1/OneDrive - Baylor University/Engineering/System on Chip/Vivado/ClassReport1/ClassReport1.runs/impl_1/top_hex_display_mux.bit} [get_hw_devices xc7a100t_0]
program_hw_devices [get_hw_devices xc7a100t_0]
INFO: [Labtools 27-3164] End of startup status: HIGH
refresh_hw_device [lindex [get_hw_devices xc7a100t_0] 0]
INFO: [Labtools 27-1434] Device xc7a100t (JTAG device index = 0) is programmed with a design that has no supported debug core(s) in it.
reset_run synth_1
INFO: [Project 1-1160] Copying file C:/Users/john_westbrook1/OneDrive - Baylor University/Engineering/System on Chip/Vivado/ClassReport1/ClassReport1.runs/synth_1/top_hex_display_mux.dcp to C:/Users/john_westbrook1/OneDrive - Baylor University/Engineering/System on Chip/Vivado/ClassReport1/ClassReport1.srcs/utils_1/imports/synth_1 and adding it to utils fileset
launch_runs impl_1 -to_step write_bitstream -jobs 10
[Sun Sep 10 20:30:03 2023] Launched synth_1...
Run output will be captured here: C:/Users/john_westbrook1/OneDrive - Baylor University/Engineering/System on Chip/Vivado/ClassReport1/ClassReport1.runs/synth_1/runme.log
[Sun Sep 10 20:30:03 2023] Launched impl_1...
Run output will be captured here: C:/Users/john_westbrook1/OneDrive - Baylor University/Engineering/System on Chip/Vivado/ClassReport1/ClassReport1.runs/impl_1/runme.log
export_ip_user_files -of_objects  [get_files {{C:/Users/john_westbrook1/OneDrive - Baylor University/Engineering/System on Chip/Vivado/ClassReport1/ClassReport1.srcs/utils_1/imports/synth_1/top_hex_display_mux.dcp}}] -no_script -reset -force -quiet
remove_files  -fileset utils_1 {{C:/Users/john_westbrook1/OneDrive - Baylor University/Engineering/System on Chip/Vivado/ClassReport1/ClassReport1.srcs/utils_1/imports/synth_1/top_hex_display_mux.dcp}}
file delete -force {C:/Users/john_westbrook1/OneDrive - Baylor University/Engineering/System on Chip/Vivado/ClassReport1/ClassReport1.srcs/utils_1/imports/synth_1/top_hex_display_mux.dcp}
reset_run synth_1
launch_runs impl_1 -to_step write_bitstream -jobs 10
[Sun Sep 10 20:30:46 2023] Launched synth_1...
Run output will be captured here: C:/Users/john_westbrook1/OneDrive - Baylor University/Engineering/System on Chip/Vivado/ClassReport1/ClassReport1.runs/synth_1/runme.log
[Sun Sep 10 20:30:46 2023] Launched impl_1...
Run output will be captured here: C:/Users/john_westbrook1/OneDrive - Baylor University/Engineering/System on Chip/Vivado/ClassReport1/ClassReport1.runs/impl_1/runme.log
set_property PROBES.FILE {} [get_hw_devices xc7a100t_0]
set_property FULL_PROBES.FILE {} [get_hw_devices xc7a100t_0]
set_property PROGRAM.FILE {C:/Users/john_westbrook1/OneDrive - Baylor University/Engineering/System on Chip/Vivado/ClassReport1/ClassReport1.runs/impl_1/top_hex_display_mux.bit} [get_hw_devices xc7a100t_0]
program_hw_devices [get_hw_devices xc7a100t_0]
INFO: [Labtools 27-3164] End of startup status: HIGH
refresh_hw_device [lindex [get_hw_devices xc7a100t_0] 0]
INFO: [Labtools 27-1434] Device xc7a100t (JTAG device index = 0) is programmed with a design that has no supported debug core(s) in it.
reset_run synth_1
INFO: [Project 1-1160] Copying file C:/Users/john_westbrook1/OneDrive - Baylor University/Engineering/System on Chip/Vivado/ClassReport1/ClassReport1.runs/synth_1/top_hex_display_mux.dcp to C:/Users/john_westbrook1/OneDrive - Baylor University/Engineering/System on Chip/Vivado/ClassReport1/ClassReport1.srcs/utils_1/imports/synth_1 and adding it to utils fileset
launch_runs impl_1 -to_step write_bitstream -jobs 10
[Sun Sep 10 20:35:31 2023] Launched synth_1...
Run output will be captured here: C:/Users/john_westbrook1/OneDrive - Baylor University/Engineering/System on Chip/Vivado/ClassReport1/ClassReport1.runs/synth_1/runme.log
[Sun Sep 10 20:35:31 2023] Launched impl_1...
Run output will be captured here: C:/Users/john_westbrook1/OneDrive - Baylor University/Engineering/System on Chip/Vivado/ClassReport1/ClassReport1.runs/impl_1/runme.log
export_ip_user_files -of_objects  [get_files {{C:/Users/john_westbrook1/OneDrive - Baylor University/Engineering/System on Chip/Vivado/ClassReport1/ClassReport1.srcs/utils_1/imports/synth_1/top_hex_display_mux.dcp}}] -no_script -reset -force -quiet
remove_files  -fileset utils_1 {{C:/Users/john_westbrook1/OneDrive - Baylor University/Engineering/System on Chip/Vivado/ClassReport1/ClassReport1.srcs/utils_1/imports/synth_1/top_hex_display_mux.dcp}}
file delete -force {C:/Users/john_westbrook1/OneDrive - Baylor University/Engineering/System on Chip/Vivado/ClassReport1/ClassReport1.srcs/utils_1/imports/synth_1/top_hex_display_mux.dcp}
reset_run synth_1
launch_runs impl_1 -to_step write_bitstream -jobs 10
[Sun Sep 10 20:35:50 2023] Launched synth_1...
Run output will be captured here: C:/Users/john_westbrook1/OneDrive - Baylor University/Engineering/System on Chip/Vivado/ClassReport1/ClassReport1.runs/synth_1/runme.log
[Sun Sep 10 20:35:50 2023] Launched impl_1...
Run output will be captured here: C:/Users/john_westbrook1/OneDrive - Baylor University/Engineering/System on Chip/Vivado/ClassReport1/ClassReport1.runs/impl_1/runme.log
set_property PROBES.FILE {} [get_hw_devices xc7a100t_0]
set_property FULL_PROBES.FILE {} [get_hw_devices xc7a100t_0]
set_property PROGRAM.FILE {C:/Users/john_westbrook1/OneDrive - Baylor University/Engineering/System on Chip/Vivado/ClassReport1/ClassReport1.runs/impl_1/top_hex_display_mux.bit} [get_hw_devices xc7a100t_0]
program_hw_devices [get_hw_devices xc7a100t_0]
INFO: [Labtools 27-3164] End of startup status: HIGH
refresh_hw_device [lindex [get_hw_devices xc7a100t_0] 0]
INFO: [Labtools 27-1434] Device xc7a100t (JTAG device index = 0) is programmed with a design that has no supported debug core(s) in it.
reset_run synth_1
INFO: [Project 1-1160] Copying file C:/Users/john_westbrook1/OneDrive - Baylor University/Engineering/System on Chip/Vivado/ClassReport1/ClassReport1.runs/synth_1/top_hex_display_mux.dcp to C:/Users/john_westbrook1/OneDrive - Baylor University/Engineering/System on Chip/Vivado/ClassReport1/ClassReport1.srcs/utils_1/imports/synth_1 and adding it to utils fileset
launch_runs impl_1 -to_step write_bitstream -jobs 10
[Sun Sep 10 20:42:01 2023] Launched synth_1...
Run output will be captured here: C:/Users/john_westbrook1/OneDrive - Baylor University/Engineering/System on Chip/Vivado/ClassReport1/ClassReport1.runs/synth_1/runme.log
[Sun Sep 10 20:42:01 2023] Launched impl_1...
Run output will be captured here: C:/Users/john_westbrook1/OneDrive - Baylor University/Engineering/System on Chip/Vivado/ClassReport1/ClassReport1.runs/impl_1/runme.log
export_ip_user_files -of_objects  [get_files {{C:/Users/john_westbrook1/OneDrive - Baylor University/Engineering/System on Chip/Vivado/ClassReport1/ClassReport1.srcs/utils_1/imports/synth_1/top_hex_display_mux.dcp}}] -no_script -reset -force -quiet
remove_files  -fileset utils_1 {{C:/Users/john_westbrook1/OneDrive - Baylor University/Engineering/System on Chip/Vivado/ClassReport1/ClassReport1.srcs/utils_1/imports/synth_1/top_hex_display_mux.dcp}}
file delete -force {C:/Users/john_westbrook1/OneDrive - Baylor University/Engineering/System on Chip/Vivado/ClassReport1/ClassReport1.srcs/utils_1/imports/synth_1/top_hex_display_mux.dcp}
reset_run synth_1
launch_runs impl_1 -to_step write_bitstream -jobs 10
[Sun Sep 10 20:42:26 2023] Launched synth_1...
Run output will be captured here: C:/Users/john_westbrook1/OneDrive - Baylor University/Engineering/System on Chip/Vivado/ClassReport1/ClassReport1.runs/synth_1/runme.log
[Sun Sep 10 20:42:26 2023] Launched impl_1...
Run output will be captured here: C:/Users/john_westbrook1/OneDrive - Baylor University/Engineering/System on Chip/Vivado/ClassReport1/ClassReport1.runs/impl_1/runme.log
reset_run synth_1
launch_runs impl_1 -to_step write_bitstream -jobs 10
[Sun Sep 10 20:43:43 2023] Launched synth_1...
Run output will be captured here: C:/Users/john_westbrook1/OneDrive - Baylor University/Engineering/System on Chip/Vivado/ClassReport1/ClassReport1.runs/synth_1/runme.log
[Sun Sep 10 20:43:44 2023] Launched impl_1...
Run output will be captured here: C:/Users/john_westbrook1/OneDrive - Baylor University/Engineering/System on Chip/Vivado/ClassReport1/ClassReport1.runs/impl_1/runme.log
set_property PROBES.FILE {} [get_hw_devices xc7a100t_0]
set_property FULL_PROBES.FILE {} [get_hw_devices xc7a100t_0]
set_property PROGRAM.FILE {C:/Users/john_westbrook1/OneDrive - Baylor University/Engineering/System on Chip/Vivado/ClassReport1/ClassReport1.runs/impl_1/top_hex_display_mux.bit} [get_hw_devices xc7a100t_0]
program_hw_devices [get_hw_devices xc7a100t_0]
INFO: [Labtools 27-3164] End of startup status: HIGH
refresh_hw_device [lindex [get_hw_devices xc7a100t_0] 0]
INFO: [Labtools 27-1434] Device xc7a100t (JTAG device index = 0) is programmed with a design that has no supported debug core(s) in it.
reset_run synth_1
INFO: [Project 1-1160] Copying file C:/Users/john_westbrook1/OneDrive - Baylor University/Engineering/System on Chip/Vivado/ClassReport1/ClassReport1.runs/synth_1/top_hex_display_mux.dcp to C:/Users/john_westbrook1/OneDrive - Baylor University/Engineering/System on Chip/Vivado/ClassReport1/ClassReport1.srcs/utils_1/imports/synth_1 and adding it to utils fileset
launch_runs impl_1 -to_step write_bitstream -jobs 10
[Sun Sep 10 20:45:35 2023] Launched synth_1...
Run output will be captured here: C:/Users/john_westbrook1/OneDrive - Baylor University/Engineering/System on Chip/Vivado/ClassReport1/ClassReport1.runs/synth_1/runme.log
[Sun Sep 10 20:45:35 2023] Launched impl_1...
Run output will be captured here: C:/Users/john_westbrook1/OneDrive - Baylor University/Engineering/System on Chip/Vivado/ClassReport1/ClassReport1.runs/impl_1/runme.log
export_ip_user_files -of_objects  [get_files {{C:/Users/john_westbrook1/OneDrive - Baylor University/Engineering/System on Chip/Vivado/ClassReport1/ClassReport1.srcs/utils_1/imports/synth_1/top_hex_display_mux.dcp}}] -no_script -reset -force -quiet
remove_files  -fileset utils_1 {{C:/Users/john_westbrook1/OneDrive - Baylor University/Engineering/System on Chip/Vivado/ClassReport1/ClassReport1.srcs/utils_1/imports/synth_1/top_hex_display_mux.dcp}}
file delete -force {C:/Users/john_westbrook1/OneDrive - Baylor University/Engineering/System on Chip/Vivado/ClassReport1/ClassReport1.srcs/utils_1/imports/synth_1/top_hex_display_mux.dcp}
reset_run synth_1
launch_runs impl_1 -to_step write_bitstream -jobs 10
[Sun Sep 10 20:46:17 2023] Launched synth_1...
Run output will be captured here: C:/Users/john_westbrook1/OneDrive - Baylor University/Engineering/System on Chip/Vivado/ClassReport1/ClassReport1.runs/synth_1/runme.log
[Sun Sep 10 20:46:17 2023] Launched impl_1...
Run output will be captured here: C:/Users/john_westbrook1/OneDrive - Baylor University/Engineering/System on Chip/Vivado/ClassReport1/ClassReport1.runs/impl_1/runme.log
set_property PROBES.FILE {} [get_hw_devices xc7a100t_0]
set_property FULL_PROBES.FILE {} [get_hw_devices xc7a100t_0]
set_property PROGRAM.FILE {C:/Users/john_westbrook1/OneDrive - Baylor University/Engineering/System on Chip/Vivado/ClassReport1/ClassReport1.runs/impl_1/top_hex_display_mux.bit} [get_hw_devices xc7a100t_0]
program_hw_devices [get_hw_devices xc7a100t_0]
INFO: [Labtools 27-3164] End of startup status: HIGH
refresh_hw_device [lindex [get_hw_devices xc7a100t_0] 0]
INFO: [Labtools 27-1434] Device xc7a100t (JTAG device index = 0) is programmed with a design that has no supported debug core(s) in it.
reset_run synth_1
INFO: [Project 1-1160] Copying file C:/Users/john_westbrook1/OneDrive - Baylor University/Engineering/System on Chip/Vivado/ClassReport1/ClassReport1.runs/synth_1/top_hex_display_mux.dcp to C:/Users/john_westbrook1/OneDrive - Baylor University/Engineering/System on Chip/Vivado/ClassReport1/ClassReport1.srcs/utils_1/imports/synth_1 and adding it to utils fileset
launch_runs impl_1 -to_step write_bitstream -jobs 10
[Sun Sep 10 20:48:46 2023] Launched synth_1...
Run output will be captured here: C:/Users/john_westbrook1/OneDrive - Baylor University/Engineering/System on Chip/Vivado/ClassReport1/ClassReport1.runs/synth_1/runme.log
[Sun Sep 10 20:48:46 2023] Launched impl_1...
Run output will be captured here: C:/Users/john_westbrook1/OneDrive - Baylor University/Engineering/System on Chip/Vivado/ClassReport1/ClassReport1.runs/impl_1/runme.log
export_ip_user_files -of_objects  [get_files {{C:/Users/john_westbrook1/OneDrive - Baylor University/Engineering/System on Chip/Vivado/ClassReport1/ClassReport1.srcs/utils_1/imports/synth_1/top_hex_display_mux.dcp}}] -no_script -reset -force -quiet
remove_files  -fileset utils_1 {{C:/Users/john_westbrook1/OneDrive - Baylor University/Engineering/System on Chip/Vivado/ClassReport1/ClassReport1.srcs/utils_1/imports/synth_1/top_hex_display_mux.dcp}}
file delete -force {C:/Users/john_westbrook1/OneDrive - Baylor University/Engineering/System on Chip/Vivado/ClassReport1/ClassReport1.srcs/utils_1/imports/synth_1/top_hex_display_mux.dcp}
reset_run synth_1
launch_runs impl_1 -to_step write_bitstream -jobs 10
[Sun Sep 10 20:49:44 2023] Launched synth_1...
Run output will be captured here: C:/Users/john_westbrook1/OneDrive - Baylor University/Engineering/System on Chip/Vivado/ClassReport1/ClassReport1.runs/synth_1/runme.log
[Sun Sep 10 20:49:44 2023] Launched impl_1...
Run output will be captured here: C:/Users/john_westbrook1/OneDrive - Baylor University/Engineering/System on Chip/Vivado/ClassReport1/ClassReport1.runs/impl_1/runme.log
set_property PROBES.FILE {} [get_hw_devices xc7a100t_0]
set_property FULL_PROBES.FILE {} [get_hw_devices xc7a100t_0]
set_property PROGRAM.FILE {C:/Users/john_westbrook1/OneDrive - Baylor University/Engineering/System on Chip/Vivado/ClassReport1/ClassReport1.runs/impl_1/top_hex_display_mux.bit} [get_hw_devices xc7a100t_0]
program_hw_devices [get_hw_devices xc7a100t_0]
INFO: [Labtools 27-3164] End of startup status: HIGH
refresh_hw_device [lindex [get_hw_devices xc7a100t_0] 0]
INFO: [Labtools 27-1434] Device xc7a100t (JTAG device index = 0) is programmed with a design that has no supported debug core(s) in it.
reset_run synth_1
INFO: [Project 1-1160] Copying file C:/Users/john_westbrook1/OneDrive - Baylor University/Engineering/System on Chip/Vivado/ClassReport1/ClassReport1.runs/synth_1/top_hex_display_mux.dcp to C:/Users/john_westbrook1/OneDrive - Baylor University/Engineering/System on Chip/Vivado/ClassReport1/ClassReport1.srcs/utils_1/imports/synth_1 and adding it to utils fileset
launch_runs impl_1 -to_step write_bitstream -jobs 10
[Sun Sep 10 20:51:55 2023] Launched synth_1...
Run output will be captured here: C:/Users/john_westbrook1/OneDrive - Baylor University/Engineering/System on Chip/Vivado/ClassReport1/ClassReport1.runs/synth_1/runme.log
[Sun Sep 10 20:51:55 2023] Launched impl_1...
Run output will be captured here: C:/Users/john_westbrook1/OneDrive - Baylor University/Engineering/System on Chip/Vivado/ClassReport1/ClassReport1.runs/impl_1/runme.log
export_ip_user_files -of_objects  [get_files {{C:/Users/john_westbrook1/OneDrive - Baylor University/Engineering/System on Chip/Vivado/ClassReport1/ClassReport1.srcs/utils_1/imports/synth_1/top_hex_display_mux.dcp}}] -no_script -reset -force -quiet
remove_files  -fileset utils_1 {{C:/Users/john_westbrook1/OneDrive - Baylor University/Engineering/System on Chip/Vivado/ClassReport1/ClassReport1.srcs/utils_1/imports/synth_1/top_hex_display_mux.dcp}}
file delete -force {C:/Users/john_westbrook1/OneDrive - Baylor University/Engineering/System on Chip/Vivado/ClassReport1/ClassReport1.srcs/utils_1/imports/synth_1/top_hex_display_mux.dcp}
reset_run synth_1
launch_runs impl_1 -to_step write_bitstream -jobs 10
[Sun Sep 10 20:52:17 2023] Launched synth_1...
Run output will be captured here: C:/Users/john_westbrook1/OneDrive - Baylor University/Engineering/System on Chip/Vivado/ClassReport1/ClassReport1.runs/synth_1/runme.log
[Sun Sep 10 20:52:17 2023] Launched impl_1...
Run output will be captured here: C:/Users/john_westbrook1/OneDrive - Baylor University/Engineering/System on Chip/Vivado/ClassReport1/ClassReport1.runs/impl_1/runme.log
set_property PROBES.FILE {} [get_hw_devices xc7a100t_0]
set_property FULL_PROBES.FILE {} [get_hw_devices xc7a100t_0]
set_property PROGRAM.FILE {C:/Users/john_westbrook1/OneDrive - Baylor University/Engineering/System on Chip/Vivado/ClassReport1/ClassReport1.runs/impl_1/top_hex_display_mux.bit} [get_hw_devices xc7a100t_0]
program_hw_devices [get_hw_devices xc7a100t_0]
INFO: [Labtools 27-3164] End of startup status: HIGH
refresh_hw_device [lindex [get_hw_devices xc7a100t_0] 0]
INFO: [Labtools 27-1434] Device xc7a100t (JTAG device index = 0) is programmed with a design that has no supported debug core(s) in it.
reset_run synth_1
INFO: [Project 1-1160] Copying file C:/Users/john_westbrook1/OneDrive - Baylor University/Engineering/System on Chip/Vivado/ClassReport1/ClassReport1.runs/synth_1/top_hex_display_mux.dcp to C:/Users/john_westbrook1/OneDrive - Baylor University/Engineering/System on Chip/Vivado/ClassReport1/ClassReport1.srcs/utils_1/imports/synth_1 and adding it to utils fileset
launch_runs impl_1 -to_step write_bitstream -jobs 10
[Sun Sep 10 20:54:51 2023] Launched synth_1...
Run output will be captured here: C:/Users/john_westbrook1/OneDrive - Baylor University/Engineering/System on Chip/Vivado/ClassReport1/ClassReport1.runs/synth_1/runme.log
[Sun Sep 10 20:54:51 2023] Launched impl_1...
Run output will be captured here: C:/Users/john_westbrook1/OneDrive - Baylor University/Engineering/System on Chip/Vivado/ClassReport1/ClassReport1.runs/impl_1/runme.log
export_ip_user_files -of_objects  [get_files {{C:/Users/john_westbrook1/OneDrive - Baylor University/Engineering/System on Chip/Vivado/ClassReport1/ClassReport1.srcs/utils_1/imports/synth_1/top_hex_display_mux.dcp}}] -no_script -reset -force -quiet
remove_files  -fileset utils_1 {{C:/Users/john_westbrook1/OneDrive - Baylor University/Engineering/System on Chip/Vivado/ClassReport1/ClassReport1.srcs/utils_1/imports/synth_1/top_hex_display_mux.dcp}}
file delete -force {C:/Users/john_westbrook1/OneDrive - Baylor University/Engineering/System on Chip/Vivado/ClassReport1/ClassReport1.srcs/utils_1/imports/synth_1/top_hex_display_mux.dcp}
reset_run synth_1
launch_runs impl_1 -to_step write_bitstream -jobs 10
[Sun Sep 10 20:55:14 2023] Launched synth_1...
Run output will be captured here: C:/Users/john_westbrook1/OneDrive - Baylor University/Engineering/System on Chip/Vivado/ClassReport1/ClassReport1.runs/synth_1/runme.log
[Sun Sep 10 20:55:14 2023] Launched impl_1...
Run output will be captured here: C:/Users/john_westbrook1/OneDrive - Baylor University/Engineering/System on Chip/Vivado/ClassReport1/ClassReport1.runs/impl_1/runme.log
set_property PROBES.FILE {} [get_hw_devices xc7a100t_0]
set_property FULL_PROBES.FILE {} [get_hw_devices xc7a100t_0]
set_property PROGRAM.FILE {C:/Users/john_westbrook1/OneDrive - Baylor University/Engineering/System on Chip/Vivado/ClassReport1/ClassReport1.runs/impl_1/top_hex_display_mux.bit} [get_hw_devices xc7a100t_0]
program_hw_devices [get_hw_devices xc7a100t_0]
INFO: [Labtools 27-3164] End of startup status: HIGH
refresh_hw_device [lindex [get_hw_devices xc7a100t_0] 0]
INFO: [Labtools 27-1434] Device xc7a100t (JTAG device index = 0) is programmed with a design that has no supported debug core(s) in it.
reset_run synth_1
INFO: [Project 1-1160] Copying file C:/Users/john_westbrook1/OneDrive - Baylor University/Engineering/System on Chip/Vivado/ClassReport1/ClassReport1.runs/synth_1/top_hex_display_mux.dcp to C:/Users/john_westbrook1/OneDrive - Baylor University/Engineering/System on Chip/Vivado/ClassReport1/ClassReport1.srcs/utils_1/imports/synth_1 and adding it to utils fileset
launch_runs impl_1 -to_step write_bitstream -jobs 10
[Sun Sep 10 20:57:50 2023] Launched synth_1...
Run output will be captured here: C:/Users/john_westbrook1/OneDrive - Baylor University/Engineering/System on Chip/Vivado/ClassReport1/ClassReport1.runs/synth_1/runme.log
[Sun Sep 10 20:57:50 2023] Launched impl_1...
Run output will be captured here: C:/Users/john_westbrook1/OneDrive - Baylor University/Engineering/System on Chip/Vivado/ClassReport1/ClassReport1.runs/impl_1/runme.log
export_ip_user_files -of_objects  [get_files {{C:/Users/john_westbrook1/OneDrive - Baylor University/Engineering/System on Chip/Vivado/ClassReport1/ClassReport1.srcs/utils_1/imports/synth_1/top_hex_display_mux.dcp}}] -no_script -reset -force -quiet
remove_files  -fileset utils_1 {{C:/Users/john_westbrook1/OneDrive - Baylor University/Engineering/System on Chip/Vivado/ClassReport1/ClassReport1.srcs/utils_1/imports/synth_1/top_hex_display_mux.dcp}}
file delete -force {C:/Users/john_westbrook1/OneDrive - Baylor University/Engineering/System on Chip/Vivado/ClassReport1/ClassReport1.srcs/utils_1/imports/synth_1/top_hex_display_mux.dcp}
reset_run synth_1
launch_runs impl_1 -to_step write_bitstream -jobs 10
[Sun Sep 10 20:58:10 2023] Launched synth_1...
Run output will be captured here: C:/Users/john_westbrook1/OneDrive - Baylor University/Engineering/System on Chip/Vivado/ClassReport1/ClassReport1.runs/synth_1/runme.log
[Sun Sep 10 20:58:10 2023] Launched impl_1...
Run output will be captured here: C:/Users/john_westbrook1/OneDrive - Baylor University/Engineering/System on Chip/Vivado/ClassReport1/ClassReport1.runs/impl_1/runme.log
reset_run synth_1
INFO: [Project 1-1160] Copying file C:/Users/john_westbrook1/OneDrive - Baylor University/Engineering/System on Chip/Vivado/ClassReport1/ClassReport1.runs/synth_1/top_hex_display_mux.dcp to C:/Users/john_westbrook1/OneDrive - Baylor University/Engineering/System on Chip/Vivado/ClassReport1/ClassReport1.srcs/utils_1/imports/synth_1 and adding it to utils fileset
launch_runs impl_1 -to_step write_bitstream -jobs 10
[Sun Sep 10 21:01:40 2023] Launched synth_1...
Run output will be captured here: C:/Users/john_westbrook1/OneDrive - Baylor University/Engineering/System on Chip/Vivado/ClassReport1/ClassReport1.runs/synth_1/runme.log
[Sun Sep 10 21:01:40 2023] Launched impl_1...
Run output will be captured here: C:/Users/john_westbrook1/OneDrive - Baylor University/Engineering/System on Chip/Vivado/ClassReport1/ClassReport1.runs/impl_1/runme.log
export_ip_user_files -of_objects  [get_files {{C:/Users/john_westbrook1/OneDrive - Baylor University/Engineering/System on Chip/Vivado/ClassReport1/ClassReport1.srcs/utils_1/imports/synth_1/top_hex_display_mux.dcp}}] -no_script -reset -force -quiet
remove_files  -fileset utils_1 {{C:/Users/john_westbrook1/OneDrive - Baylor University/Engineering/System on Chip/Vivado/ClassReport1/ClassReport1.srcs/utils_1/imports/synth_1/top_hex_display_mux.dcp}}
file delete -force {C:/Users/john_westbrook1/OneDrive - Baylor University/Engineering/System on Chip/Vivado/ClassReport1/ClassReport1.srcs/utils_1/imports/synth_1/top_hex_display_mux.dcp}
reset_run synth_1
launch_runs impl_1 -to_step write_bitstream -jobs 10
[Sun Sep 10 21:02:31 2023] Launched synth_1...
Run output will be captured here: C:/Users/john_westbrook1/OneDrive - Baylor University/Engineering/System on Chip/Vivado/ClassReport1/ClassReport1.runs/synth_1/runme.log
[Sun Sep 10 21:02:31 2023] Launched impl_1...
Run output will be captured here: C:/Users/john_westbrook1/OneDrive - Baylor University/Engineering/System on Chip/Vivado/ClassReport1/ClassReport1.runs/impl_1/runme.log
set_property PROBES.FILE {} [get_hw_devices xc7a100t_0]
set_property FULL_PROBES.FILE {} [get_hw_devices xc7a100t_0]
set_property PROGRAM.FILE {C:/Users/john_westbrook1/OneDrive - Baylor University/Engineering/System on Chip/Vivado/ClassReport1/ClassReport1.runs/impl_1/top_hex_display_mux.bit} [get_hw_devices xc7a100t_0]
program_hw_devices [get_hw_devices xc7a100t_0]
INFO: [Labtools 27-3164] End of startup status: HIGH
refresh_hw_device [lindex [get_hw_devices xc7a100t_0] 0]
INFO: [Labtools 27-1434] Device xc7a100t (JTAG device index = 0) is programmed with a design that has no supported debug core(s) in it.
reset_run synth_1
INFO: [Project 1-1160] Copying file C:/Users/john_westbrook1/OneDrive - Baylor University/Engineering/System on Chip/Vivado/ClassReport1/ClassReport1.runs/synth_1/top_hex_display_mux.dcp to C:/Users/john_westbrook1/OneDrive - Baylor University/Engineering/System on Chip/Vivado/ClassReport1/ClassReport1.srcs/utils_1/imports/synth_1 and adding it to utils fileset
launch_runs impl_1 -to_step write_bitstream -jobs 10
[Sun Sep 10 21:04:27 2023] Launched synth_1...
Run output will be captured here: C:/Users/john_westbrook1/OneDrive - Baylor University/Engineering/System on Chip/Vivado/ClassReport1/ClassReport1.runs/synth_1/runme.log
[Sun Sep 10 21:04:27 2023] Launched impl_1...
Run output will be captured here: C:/Users/john_westbrook1/OneDrive - Baylor University/Engineering/System on Chip/Vivado/ClassReport1/ClassReport1.runs/impl_1/runme.log
reset_run synth_1
WARNING: [Vivado 12-1017] Problems encountered:
1. Failed to delete one or more files in run directory C:/Users/john_westbrook1/OneDrive - Baylor University/Engineering/System on Chip/Vivado/ClassReport1/ClassReport1.runs/synth_1

export_ip_user_files -of_objects  [get_files {{C:/Users/john_westbrook1/OneDrive - Baylor University/Engineering/System on Chip/Vivado/ClassReport1/ClassReport1.srcs/utils_1/imports/synth_1/top_hex_display_mux.dcp}}] -no_script -reset -force -quiet
remove_files  -fileset utils_1 {{C:/Users/john_westbrook1/OneDrive - Baylor University/Engineering/System on Chip/Vivado/ClassReport1/ClassReport1.srcs/utils_1/imports/synth_1/top_hex_display_mux.dcp}}
file delete -force {C:/Users/john_westbrook1/OneDrive - Baylor University/Engineering/System on Chip/Vivado/ClassReport1/ClassReport1.srcs/utils_1/imports/synth_1/top_hex_display_mux.dcp}
launch_runs impl_1 -to_step write_bitstream -jobs 10
[Sun Sep 10 21:04:40 2023] Launched synth_1...
Run output will be captured here: C:/Users/john_westbrook1/OneDrive - Baylor University/Engineering/System on Chip/Vivado/ClassReport1/ClassReport1.runs/synth_1/runme.log
[Sun Sep 10 21:04:40 2023] Launched impl_1...
Run output will be captured here: C:/Users/john_westbrook1/OneDrive - Baylor University/Engineering/System on Chip/Vivado/ClassReport1/ClassReport1.runs/impl_1/runme.log
set_property PROBES.FILE {} [get_hw_devices xc7a100t_0]
set_property FULL_PROBES.FILE {} [get_hw_devices xc7a100t_0]
set_property PROGRAM.FILE {C:/Users/john_westbrook1/OneDrive - Baylor University/Engineering/System on Chip/Vivado/ClassReport1/ClassReport1.runs/impl_1/top_hex_display_mux.bit} [get_hw_devices xc7a100t_0]
program_hw_devices [get_hw_devices xc7a100t_0]
INFO: [Labtools 27-3164] End of startup status: HIGH
refresh_hw_device [lindex [get_hw_devices xc7a100t_0] 0]
INFO: [Labtools 27-1434] Device xc7a100t (JTAG device index = 0) is programmed with a design that has no supported debug core(s) in it.
reset_run synth_1
INFO: [Project 1-1160] Copying file C:/Users/john_westbrook1/OneDrive - Baylor University/Engineering/System on Chip/Vivado/ClassReport1/ClassReport1.runs/synth_1/top_hex_display_mux.dcp to C:/Users/john_westbrook1/OneDrive - Baylor University/Engineering/System on Chip/Vivado/ClassReport1/ClassReport1.srcs/utils_1/imports/synth_1 and adding it to utils fileset
launch_runs impl_1 -to_step write_bitstream -jobs 10
[Sun Sep 10 21:08:34 2023] Launched synth_1...
Run output will be captured here: C:/Users/john_westbrook1/OneDrive - Baylor University/Engineering/System on Chip/Vivado/ClassReport1/ClassReport1.runs/synth_1/runme.log
[Sun Sep 10 21:08:34 2023] Launched impl_1...
Run output will be captured here: C:/Users/john_westbrook1/OneDrive - Baylor University/Engineering/System on Chip/Vivado/ClassReport1/ClassReport1.runs/impl_1/runme.log
reset_run synth_1
WARNING: [Vivado 12-1017] Problems encountered:
1. PID not specified

export_ip_user_files -of_objects  [get_files {{C:/Users/john_westbrook1/OneDrive - Baylor University/Engineering/System on Chip/Vivado/ClassReport1/ClassReport1.srcs/utils_1/imports/synth_1/top_hex_display_mux.dcp}}] -no_script -reset -force -quiet
remove_files  -fileset utils_1 {{C:/Users/john_westbrook1/OneDrive - Baylor University/Engineering/System on Chip/Vivado/ClassReport1/ClassReport1.srcs/utils_1/imports/synth_1/top_hex_display_mux.dcp}}
file delete -force {C:/Users/john_westbrook1/OneDrive - Baylor University/Engineering/System on Chip/Vivado/ClassReport1/ClassReport1.srcs/utils_1/imports/synth_1/top_hex_display_mux.dcp}
launch_runs impl_1 -to_step write_bitstream -jobs 10
[Sun Sep 10 21:08:46 2023] Launched synth_1...
Run output will be captured here: C:/Users/john_westbrook1/OneDrive - Baylor University/Engineering/System on Chip/Vivado/ClassReport1/ClassReport1.runs/synth_1/runme.log
[Sun Sep 10 21:08:46 2023] Launched impl_1...
Run output will be captured here: C:/Users/john_westbrook1/OneDrive - Baylor University/Engineering/System on Chip/Vivado/ClassReport1/ClassReport1.runs/impl_1/runme.log
set_property PROBES.FILE {} [get_hw_devices xc7a100t_0]
set_property FULL_PROBES.FILE {} [get_hw_devices xc7a100t_0]
set_property PROGRAM.FILE {C:/Users/john_westbrook1/OneDrive - Baylor University/Engineering/System on Chip/Vivado/ClassReport1/ClassReport1.runs/impl_1/top_hex_display_mux.bit} [get_hw_devices xc7a100t_0]
program_hw_devices [get_hw_devices xc7a100t_0]
INFO: [Labtools 27-3164] End of startup status: HIGH
refresh_hw_device [lindex [get_hw_devices xc7a100t_0] 0]
INFO: [Labtools 27-1434] Device xc7a100t (JTAG device index = 0) is programmed with a design that has no supported debug core(s) in it.
reset_run synth_1
INFO: [Project 1-1160] Copying file C:/Users/john_westbrook1/OneDrive - Baylor University/Engineering/System on Chip/Vivado/ClassReport1/ClassReport1.runs/synth_1/top_hex_display_mux.dcp to C:/Users/john_westbrook1/OneDrive - Baylor University/Engineering/System on Chip/Vivado/ClassReport1/ClassReport1.srcs/utils_1/imports/synth_1 and adding it to utils fileset
launch_runs synth_1 -jobs 10
[Sun Sep 10 21:10:39 2023] Launched synth_1...
Run output will be captured here: C:/Users/john_westbrook1/OneDrive - Baylor University/Engineering/System on Chip/Vivado/ClassReport1/ClassReport1.runs/synth_1/runme.log
reset_run synth_1
WARNING: [Vivado 12-1017] Problems encountered:
1. PID not specified

export_ip_user_files -of_objects  [get_files {{C:/Users/john_westbrook1/OneDrive - Baylor University/Engineering/System on Chip/Vivado/ClassReport1/ClassReport1.srcs/utils_1/imports/synth_1/top_hex_display_mux.dcp}}] -no_script -reset -force -quiet
remove_files  -fileset utils_1 {{C:/Users/john_westbrook1/OneDrive - Baylor University/Engineering/System on Chip/Vivado/ClassReport1/ClassReport1.srcs/utils_1/imports/synth_1/top_hex_display_mux.dcp}}
file delete -force {C:/Users/john_westbrook1/OneDrive - Baylor University/Engineering/System on Chip/Vivado/ClassReport1/ClassReport1.srcs/utils_1/imports/synth_1/top_hex_display_mux.dcp}
launch_runs impl_1 -to_step write_bitstream -jobs 10
[Sun Sep 10 21:10:52 2023] Launched synth_1...
Run output will be captured here: C:/Users/john_westbrook1/OneDrive - Baylor University/Engineering/System on Chip/Vivado/ClassReport1/ClassReport1.runs/synth_1/runme.log
[Sun Sep 10 21:10:52 2023] Launched impl_1...
Run output will be captured here: C:/Users/john_westbrook1/OneDrive - Baylor University/Engineering/System on Chip/Vivado/ClassReport1/ClassReport1.runs/impl_1/runme.log
WARNING: [Common 17-9] Error reading message records.
WARNING: [Common 17-9] Error reading message records.
WARNING: [Common 17-9] Error reading message records.
reset_run synth_1
WARNING: [Vivado 12-1017] Problems encountered:
1. Failed to delete one or more files in run directory C:/Users/john_westbrook1/OneDrive - Baylor University/Engineering/System on Chip/Vivado/ClassReport1/ClassReport1.runs/synth_1

launch_runs impl_1 -to_step write_bitstream -jobs 10
[Sun Sep 10 21:11:08 2023] Launched synth_1...
Run output will be captured here: C:/Users/john_westbrook1/OneDrive - Baylor University/Engineering/System on Chip/Vivado/ClassReport1/ClassReport1.runs/synth_1/runme.log
[Sun Sep 10 21:11:08 2023] Launched impl_1...
Run output will be captured here: C:/Users/john_westbrook1/OneDrive - Baylor University/Engineering/System on Chip/Vivado/ClassReport1/ClassReport1.runs/impl_1/runme.log
set_property PROBES.FILE {} [get_hw_devices xc7a100t_0]
set_property FULL_PROBES.FILE {} [get_hw_devices xc7a100t_0]
set_property PROGRAM.FILE {C:/Users/john_westbrook1/OneDrive - Baylor University/Engineering/System on Chip/Vivado/ClassReport1/ClassReport1.runs/impl_1/top_hex_display_mux.bit} [get_hw_devices xc7a100t_0]
program_hw_devices [get_hw_devices xc7a100t_0]
INFO: [Labtools 27-3164] End of startup status: HIGH
refresh_hw_device [lindex [get_hw_devices xc7a100t_0] 0]
INFO: [Labtools 27-1434] Device xc7a100t (JTAG device index = 0) is programmed with a design that has no supported debug core(s) in it.
reset_run synth_1
INFO: [Project 1-1160] Copying file C:/Users/john_westbrook1/OneDrive - Baylor University/Engineering/System on Chip/Vivado/ClassReport1/ClassReport1.runs/synth_1/top_hex_display_mux.dcp to C:/Users/john_westbrook1/OneDrive - Baylor University/Engineering/System on Chip/Vivado/ClassReport1/ClassReport1.srcs/utils_1/imports/synth_1 and adding it to utils fileset
launch_runs synth_1 -jobs 10
[Sun Sep 10 21:15:16 2023] Launched synth_1...
Run output will be captured here: C:/Users/john_westbrook1/OneDrive - Baylor University/Engineering/System on Chip/Vivado/ClassReport1/ClassReport1.runs/synth_1/runme.log
reset_run synth_1
WARNING: [Vivado 12-1017] Problems encountered:
1. PID not specified

export_ip_user_files -of_objects  [get_files {{C:/Users/john_westbrook1/OneDrive - Baylor University/Engineering/System on Chip/Vivado/ClassReport1/ClassReport1.srcs/utils_1/imports/synth_1/top_hex_display_mux.dcp}}] -no_script -reset -force -quiet
remove_files  -fileset utils_1 {{C:/Users/john_westbrook1/OneDrive - Baylor University/Engineering/System on Chip/Vivado/ClassReport1/ClassReport1.srcs/utils_1/imports/synth_1/top_hex_display_mux.dcp}}
file delete -force {C:/Users/john_westbrook1/OneDrive - Baylor University/Engineering/System on Chip/Vivado/ClassReport1/ClassReport1.srcs/utils_1/imports/synth_1/top_hex_display_mux.dcp}
launch_runs impl_1 -to_step write_bitstream -jobs 10
[Sun Sep 10 21:15:26 2023] Launched synth_1...
Run output will be captured here: C:/Users/john_westbrook1/OneDrive - Baylor University/Engineering/System on Chip/Vivado/ClassReport1/ClassReport1.runs/synth_1/runme.log
[Sun Sep 10 21:15:26 2023] Launched impl_1...
Run output will be captured here: C:/Users/john_westbrook1/OneDrive - Baylor University/Engineering/System on Chip/Vivado/ClassReport1/ClassReport1.runs/impl_1/runme.log
reset_run synth_1
launch_runs impl_1 -to_step write_bitstream -jobs 10
[Sun Sep 10 21:16:42 2023] Launched synth_1...
Run output will be captured here: C:/Users/john_westbrook1/OneDrive - Baylor University/Engineering/System on Chip/Vivado/ClassReport1/ClassReport1.runs/synth_1/runme.log
[Sun Sep 10 21:16:42 2023] Launched impl_1...
Run output will be captured here: C:/Users/john_westbrook1/OneDrive - Baylor University/Engineering/System on Chip/Vivado/ClassReport1/ClassReport1.runs/impl_1/runme.log
set_property PROBES.FILE {} [get_hw_devices xc7a100t_0]
set_property FULL_PROBES.FILE {} [get_hw_devices xc7a100t_0]
set_property PROGRAM.FILE {C:/Users/john_westbrook1/OneDrive - Baylor University/Engineering/System on Chip/Vivado/ClassReport1/ClassReport1.runs/impl_1/top_hex_display_mux.bit} [get_hw_devices xc7a100t_0]
program_hw_devices [get_hw_devices xc7a100t_0]
INFO: [Labtools 27-3164] End of startup status: HIGH
refresh_hw_device [lindex [get_hw_devices xc7a100t_0] 0]
INFO: [Labtools 27-1434] Device xc7a100t (JTAG device index = 0) is programmed with a design that has no supported debug core(s) in it.
reset_run synth_1
INFO: [Project 1-1160] Copying file C:/Users/john_westbrook1/OneDrive - Baylor University/Engineering/System on Chip/Vivado/ClassReport1/ClassReport1.runs/synth_1/top_hex_display_mux.dcp to C:/Users/john_westbrook1/OneDrive - Baylor University/Engineering/System on Chip/Vivado/ClassReport1/ClassReport1.srcs/utils_1/imports/synth_1 and adding it to utils fileset
launch_runs synth_1 -jobs 10
[Sun Sep 10 21:18:57 2023] Launched synth_1...
Run output will be captured here: C:/Users/john_westbrook1/OneDrive - Baylor University/Engineering/System on Chip/Vivado/ClassReport1/ClassReport1.runs/synth_1/runme.log
reset_run synth_1
WARNING: [Vivado 12-1017] Problems encountered:
1. PID not specified

export_ip_user_files -of_objects  [get_files {{C:/Users/john_westbrook1/OneDrive - Baylor University/Engineering/System on Chip/Vivado/ClassReport1/ClassReport1.srcs/utils_1/imports/synth_1/top_hex_display_mux.dcp}}] -no_script -reset -force -quiet
remove_files  -fileset utils_1 {{C:/Users/john_westbrook1/OneDrive - Baylor University/Engineering/System on Chip/Vivado/ClassReport1/ClassReport1.srcs/utils_1/imports/synth_1/top_hex_display_mux.dcp}}
file delete -force {C:/Users/john_westbrook1/OneDrive - Baylor University/Engineering/System on Chip/Vivado/ClassReport1/ClassReport1.srcs/utils_1/imports/synth_1/top_hex_display_mux.dcp}
launch_runs impl_1 -to_step write_bitstream -jobs 10
[Sun Sep 10 21:19:08 2023] Launched synth_1...
Run output will be captured here: C:/Users/john_westbrook1/OneDrive - Baylor University/Engineering/System on Chip/Vivado/ClassReport1/ClassReport1.runs/synth_1/runme.log
[Sun Sep 10 21:19:08 2023] Launched impl_1...
Run output will be captured here: C:/Users/john_westbrook1/OneDrive - Baylor University/Engineering/System on Chip/Vivado/ClassReport1/ClassReport1.runs/impl_1/runme.log
set_property PROBES.FILE {} [get_hw_devices xc7a100t_0]
set_property FULL_PROBES.FILE {} [get_hw_devices xc7a100t_0]
set_property PROGRAM.FILE {C:/Users/john_westbrook1/OneDrive - Baylor University/Engineering/System on Chip/Vivado/ClassReport1/ClassReport1.runs/impl_1/top_hex_display_mux.bit} [get_hw_devices xc7a100t_0]
program_hw_devices [get_hw_devices xc7a100t_0]
INFO: [Labtools 27-3164] End of startup status: HIGH
refresh_hw_device [lindex [get_hw_devices xc7a100t_0] 0]
INFO: [Labtools 27-1434] Device xc7a100t (JTAG device index = 0) is programmed with a design that has no supported debug core(s) in it.
reset_run synth_1
INFO: [Project 1-1160] Copying file C:/Users/john_westbrook1/OneDrive - Baylor University/Engineering/System on Chip/Vivado/ClassReport1/ClassReport1.runs/synth_1/top_hex_display_mux.dcp to C:/Users/john_westbrook1/OneDrive - Baylor University/Engineering/System on Chip/Vivado/ClassReport1/ClassReport1.srcs/utils_1/imports/synth_1 and adding it to utils fileset
launch_runs synth_1 -jobs 10
[Sun Sep 10 21:22:26 2023] Launched synth_1...
Run output will be captured here: C:/Users/john_westbrook1/OneDrive - Baylor University/Engineering/System on Chip/Vivado/ClassReport1/ClassReport1.runs/synth_1/runme.log
reset_run synth_1
WARNING: [Vivado 12-1017] Problems encountered:
1. PID not specified

export_ip_user_files -of_objects  [get_files {{C:/Users/john_westbrook1/OneDrive - Baylor University/Engineering/System on Chip/Vivado/ClassReport1/ClassReport1.srcs/utils_1/imports/synth_1/top_hex_display_mux.dcp}}] -no_script -reset -force -quiet
remove_files  -fileset utils_1 {{C:/Users/john_westbrook1/OneDrive - Baylor University/Engineering/System on Chip/Vivado/ClassReport1/ClassReport1.srcs/utils_1/imports/synth_1/top_hex_display_mux.dcp}}
file delete -force {C:/Users/john_westbrook1/OneDrive - Baylor University/Engineering/System on Chip/Vivado/ClassReport1/ClassReport1.srcs/utils_1/imports/synth_1/top_hex_display_mux.dcp}
launch_runs impl_1 -to_step write_bitstream -jobs 10
[Sun Sep 10 21:22:38 2023] Launched synth_1...
Run output will be captured here: C:/Users/john_westbrook1/OneDrive - Baylor University/Engineering/System on Chip/Vivado/ClassReport1/ClassReport1.runs/synth_1/runme.log
[Sun Sep 10 21:22:38 2023] Launched impl_1...
Run output will be captured here: C:/Users/john_westbrook1/OneDrive - Baylor University/Engineering/System on Chip/Vivado/ClassReport1/ClassReport1.runs/impl_1/runme.log
set_property PROBES.FILE {} [get_hw_devices xc7a100t_0]
set_property FULL_PROBES.FILE {} [get_hw_devices xc7a100t_0]
set_property PROGRAM.FILE {C:/Users/john_westbrook1/OneDrive - Baylor University/Engineering/System on Chip/Vivado/ClassReport1/ClassReport1.runs/impl_1/top_hex_display_mux.bit} [get_hw_devices xc7a100t_0]
program_hw_devices [get_hw_devices xc7a100t_0]
INFO: [Labtools 27-3164] End of startup status: HIGH
refresh_hw_device [lindex [get_hw_devices xc7a100t_0] 0]
INFO: [Labtools 27-1434] Device xc7a100t (JTAG device index = 0) is programmed with a design that has no supported debug core(s) in it.
launch_simulation
Command: launch_simulation 
INFO: [Vivado 12-12493] Simulation top is 'disp_mux_test'
WARNING: [Vivado 12-12986] Compiled library path does not exist: ''
INFO: [Vivado 12-5682] Launching behavioral simulation in 'C:/Users/john_westbrook1/OneDrive - Baylor University/Engineering/System on Chip/Vivado/ClassReport1/ClassReport1.sim/sim_1/behav/xsim'
INFO: [SIM-utils-51] Simulation object is 'sim_1'
INFO: [SIM-utils-72] Using boost library from 'C:/XilinxVitis/Vivado/2021.2/tps/boost_1_72_0'
INFO: [SIM-utils-54] Inspecting design source files for 'disp_mux_test' in fileset 'sim_1'...
INFO: [USF-XSim-97] Finding global include files...
INFO: [USF-XSim-98] Fetching design files from 'sim_1'...
INFO: [USF-XSim-2] XSim::Compile design
INFO: [USF-XSim-61] Executing 'COMPILE and ANALYZE' step in 'C:/Users/john_westbrook1/OneDrive - Baylor University/Engineering/System on Chip/Vivado/ClassReport1/ClassReport1.sim/sim_1/behav/xsim'
"xvlog --incr --relax -L uvm -prj disp_mux_test_vlog.prj"
INFO: [VRFC 10-2263] Analyzing SystemVerilog file "C:/Users/john_westbrook1/OneDrive - Baylor University/Engineering/System on Chip/Vivado/SSEG Testing/SSEG Testing.srcs/sources_1/new/disp_mux.sv" into library xil_defaultlib
INFO: [VRFC 10-311] analyzing module disp_mux
INFO: [VRFC 10-2263] Analyzing SystemVerilog file "C:/Users/john_westbrook1/OneDrive - Baylor University/Engineering/System on Chip/Vivado/SSEG Testing/SSEG Testing.srcs/sources_1/new/disp_mux_test.sv" into library xil_defaultlib
INFO: [VRFC 10-311] analyzing module disp_mux_test
INFO: [USF-XSim-69] 'compile' step finished in '1' seconds
INFO: [USF-XSim-3] XSim::Elaborate design
INFO: [USF-XSim-61] Executing 'ELABORATE' step in 'C:/Users/john_westbrook1/OneDrive - Baylor University/Engineering/System on Chip/Vivado/ClassReport1/ClassReport1.sim/sim_1/behav/xsim'
"xelab --incr --debug typical --relax --mt 2 -L xil_defaultlib -L uvm -L unisims_ver -L unimacro_ver -L secureip --snapshot disp_mux_test_behav xil_defaultlib.disp_mux_test xil_defaultlib.glbl -log elaborate.log"
Vivado Simulator v2021.2
Copyright 1986-1999, 2001-2021 Xilinx, Inc. All Rights Reserved.
Running: C:/XilinxVitis/Vivado/2021.2/bin/unwrapped/win64.o/xelab.exe --incr --debug typical --relax --mt 2 -L xil_defaultlib -L uvm -L unisims_ver -L unimacro_ver -L secureip --snapshot disp_mux_test_behav xil_defaultlib.disp_mux_test xil_defaultlib.glbl -log elaborate.log 
Using 2 slave threads.
Starting static elaboration
Pass Through NonSizing Optimizer
WARNING: [VRFC 10-3091] actual bit length 4 differs from formal bit length 8 for port 'an' [C:/Users/john_westbrook1/OneDrive - Baylor University/Engineering/System on Chip/Vivado/SSEG Testing/SSEG Testing.srcs/sources_1/new/disp_mux_test.sv:14]
WARNING: [VRFC 10-3823] variable 'an' might have multiple concurrent drivers [C:/Users/john_westbrook1/OneDrive - Baylor University/Engineering/System on Chip/Vivado/SSEG Testing/SSEG Testing.srcs/sources_1/new/disp_mux.sv:48]
Completed static elaboration
Starting simulation data flow analysis
Completed simulation data flow analysis
Time Resolution for simulation is 1ps
Compiling module xil_defaultlib.disp_mux
Compiling module xil_defaultlib.disp_mux_test
Compiling module xil_defaultlib.glbl
Built simulation snapshot disp_mux_test_behav
INFO: [USF-XSim-69] 'elaborate' step finished in '2' seconds
INFO: [USF-XSim-4] XSim::Simulate design
INFO: [USF-XSim-61] Executing 'SIMULATE' step in 'C:/Users/john_westbrook1/OneDrive - Baylor University/Engineering/System on Chip/Vivado/ClassReport1/ClassReport1.sim/sim_1/behav/xsim'
INFO: [USF-XSim-98] *** Running xsim
   with args "disp_mux_test_behav -key {Behavioral:sim_1:Functional:disp_mux_test} -tclbatch {disp_mux_test.tcl} -log {simulate.log}"
INFO: [USF-XSim-8] Loading simulator feature
INFO: [Common 17-41] Interrupt caught. Command should exit soon.
Time resolution is 1 ps
source disp_mux_test.tcl
INFO: [Common 17-344] 'xsim' was cancelled
INFO: [Vivado 12-5357] 'simulate' step aborted
INFO: [Common 17-344] 'launch_simulation' was cancelled
reset_run synth_1
INFO: [Project 1-1160] Copying file C:/Users/john_westbrook1/OneDrive - Baylor University/Engineering/System on Chip/Vivado/ClassReport1/ClassReport1.runs/synth_1/top_hex_display_mux.dcp to C:/Users/john_westbrook1/OneDrive - Baylor University/Engineering/System on Chip/Vivado/ClassReport1/ClassReport1.srcs/utils_1/imports/synth_1 and adding it to utils fileset
WARNING: [Vivado 12-1017] Problems encountered:
1. Failed to delete one or more files in run directory C:/Users/john_westbrook1/OneDrive - Baylor University/Engineering/System on Chip/Vivado/ClassReport1/ClassReport1.runs/synth_1

launch_runs synth_1 -jobs 10
[Sun Sep 10 21:32:41 2023] Launched synth_1...
Run output will be captured here: C:/Users/john_westbrook1/OneDrive - Baylor University/Engineering/System on Chip/Vivado/ClassReport1/ClassReport1.runs/synth_1/runme.log
reset_run synth_1
WARNING: [Vivado 12-1017] Problems encountered:
1. Failed to delete one or more files in run directory C:/Users/john_westbrook1/OneDrive - Baylor University/Engineering/System on Chip/Vivado/ClassReport1/ClassReport1.runs/synth_1

set_property is_enabled false [get_files  {{C:/Users/john_westbrook1/OneDrive - Baylor University/Engineering/System on Chip/Vivado/ClassReport1/ClassReport1.srcs/utils_1/imports/synth_1/top_hex_display_mux.dcp}}]
export_ip_user_files -of_objects  [get_files {{C:/Users/john_westbrook1/OneDrive - Baylor University/Engineering/System on Chip/Vivado/ClassReport1/ClassReport1.srcs/utils_1/imports/synth_1/top_hex_display_mux.dcp}}] -no_script -reset -force -quiet
remove_files  -fileset utils_1 {{C:/Users/john_westbrook1/OneDrive - Baylor University/Engineering/System on Chip/Vivado/ClassReport1/ClassReport1.srcs/utils_1/imports/synth_1/top_hex_display_mux.dcp}}
file delete -force {C:/Users/john_westbrook1/OneDrive - Baylor University/Engineering/System on Chip/Vivado/ClassReport1/ClassReport1.srcs/utils_1/imports/synth_1/top_hex_display_mux.dcp}
launch_runs impl_1 -to_step write_bitstream -jobs 10
[Sun Sep 10 21:32:56 2023] Launched synth_1...
Run output will be captured here: C:/Users/john_westbrook1/OneDrive - Baylor University/Engineering/System on Chip/Vivado/ClassReport1/ClassReport1.runs/synth_1/runme.log
[Sun Sep 10 21:32:56 2023] Launched impl_1...
Run output will be captured here: C:/Users/john_westbrook1/OneDrive - Baylor University/Engineering/System on Chip/Vivado/ClassReport1/ClassReport1.runs/impl_1/runme.log
set_property PROBES.FILE {} [get_hw_devices xc7a100t_0]
set_property FULL_PROBES.FILE {} [get_hw_devices xc7a100t_0]
set_property PROGRAM.FILE {C:/Users/john_westbrook1/OneDrive - Baylor University/Engineering/System on Chip/Vivado/ClassReport1/ClassReport1.runs/impl_1/top_hex_display_mux.bit} [get_hw_devices xc7a100t_0]
program_hw_devices [get_hw_devices xc7a100t_0]
INFO: [Labtools 27-3164] End of startup status: HIGH
refresh_hw_device [lindex [get_hw_devices xc7a100t_0] 0]
INFO: [Labtools 27-1434] Device xc7a100t (JTAG device index = 0) is programmed with a design that has no supported debug core(s) in it.
reset_run synth_1
INFO: [Project 1-1160] Copying file C:/Users/john_westbrook1/OneDrive - Baylor University/Engineering/System on Chip/Vivado/ClassReport1/ClassReport1.runs/synth_1/top_hex_display_mux.dcp to C:/Users/john_westbrook1/OneDrive - Baylor University/Engineering/System on Chip/Vivado/ClassReport1/ClassReport1.srcs/utils_1/imports/synth_1 and adding it to utils fileset
WARNING: [Vivado 12-1017] Problems encountered:
1. Failed to delete one or more files in run directory C:/Users/john_westbrook1/OneDrive - Baylor University/Engineering/System on Chip/Vivado/ClassReport1/ClassReport1.runs/synth_1

launch_runs synth_1 -jobs 10
[Sun Sep 10 21:37:06 2023] Launched synth_1...
Run output will be captured here: C:/Users/john_westbrook1/OneDrive - Baylor University/Engineering/System on Chip/Vivado/ClassReport1/ClassReport1.runs/synth_1/runme.log
reset_run synth_1
WARNING: [Vivado 12-1017] Problems encountered:
1. Failed to delete one or more files in run directory C:/Users/john_westbrook1/OneDrive - Baylor University/Engineering/System on Chip/Vivado/ClassReport1/ClassReport1.runs/synth_1

export_ip_user_files -of_objects  [get_files {{C:/Users/john_westbrook1/OneDrive - Baylor University/Engineering/System on Chip/Vivado/ClassReport1/ClassReport1.srcs/utils_1/imports/synth_1/top_hex_display_mux.dcp}}] -no_script -reset -force -quiet
remove_files  -fileset utils_1 {{C:/Users/john_westbrook1/OneDrive - Baylor University/Engineering/System on Chip/Vivado/ClassReport1/ClassReport1.srcs/utils_1/imports/synth_1/top_hex_display_mux.dcp}}
file delete -force {C:/Users/john_westbrook1/OneDrive - Baylor University/Engineering/System on Chip/Vivado/ClassReport1/ClassReport1.srcs/utils_1/imports/synth_1/top_hex_display_mux.dcp}
launch_runs impl_1 -to_step write_bitstream -jobs 10
[Sun Sep 10 21:37:19 2023] Launched synth_1...
Run output will be captured here: C:/Users/john_westbrook1/OneDrive - Baylor University/Engineering/System on Chip/Vivado/ClassReport1/ClassReport1.runs/synth_1/runme.log
[Sun Sep 10 21:37:19 2023] Launched impl_1...
Run output will be captured here: C:/Users/john_westbrook1/OneDrive - Baylor University/Engineering/System on Chip/Vivado/ClassReport1/ClassReport1.runs/impl_1/runme.log
set_property PROBES.FILE {} [get_hw_devices xc7a100t_0]
set_property FULL_PROBES.FILE {} [get_hw_devices xc7a100t_0]
set_property PROGRAM.FILE {C:/Users/john_westbrook1/OneDrive - Baylor University/Engineering/System on Chip/Vivado/ClassReport1/ClassReport1.runs/impl_1/top_hex_display_mux.bit} [get_hw_devices xc7a100t_0]
program_hw_devices [get_hw_devices xc7a100t_0]
INFO: [Labtools 27-3164] End of startup status: HIGH
refresh_hw_device [lindex [get_hw_devices xc7a100t_0] 0]
INFO: [Labtools 27-1434] Device xc7a100t (JTAG device index = 0) is programmed with a design that has no supported debug core(s) in it.
export_ip_user_files -of_objects  [get_files {{C:/Users/john_westbrook1/OneDrive - Baylor University/Engineering/System on Chip/Vivado/SSEG Testing/SSEG Testing.srcs/sources_1/new/disp_mux_test.sv}}] -no_script -reset -force -quiet
remove_files  {{C:/Users/john_westbrook1/OneDrive - Baylor University/Engineering/System on Chip/Vivado/SSEG Testing/SSEG Testing.srcs/sources_1/new/disp_mux_test.sv}}
export_ip_user_files -of_objects  [get_files {{C:/Users/john_westbrook1/OneDrive - Baylor University/Engineering/System on Chip/Vivado/SSEG Testing/SSEG Testing.srcs/sources_1/new/disp_mux.sv}}] -no_script -reset -force -quiet
remove_files  {{C:/Users/john_westbrook1/OneDrive - Baylor University/Engineering/System on Chip/Vivado/SSEG Testing/SSEG Testing.srcs/sources_1/new/disp_mux.sv}}
close_sim
INFO: [Simtcl 6-16] Simulation closed
exit
INFO: [Common 17-206] Exiting Vivado at Sun Sep 10 21:41:28 2023...
